<?xml version="1.0" encoding="UTF-8"?>
<!-- Generated by org.testng.reporters.JUnitXMLReporter -->
<testsuite hostname="TYSS-MF-034" name="Test" tests="2" failures="1" timestamp="20 Sep 2017 05:11:15 GMT" time="24.429" errors="0">
  <testcase name="@AfterTest testFailure" time="0.0" classname="test1.Loginpage">
    <failure type="java.lang.IllegalArgumentException" message="wrong number of arguments">
      <![CDATA[java.lang.IllegalArgumentException: wrong number of arguments
... Removed 22 stack frames]]>
    </failure>
  </testcase> <!-- @AfterTest testFailure -->
  <testcase name="verifyLoginpage" time="14.655" classname="test1.Loginpage"/>
  <testcase name="verifySignInText" time="0.028" classname="test1.Loginpage">
    <failure type="java.lang.AssertionError" message="expected [true] but found [false]">
      <![CDATA[java.lang.AssertionError: expected [true] but found [false]
	at test1.Loginpage.verifySignInText(Loginpage.java:64)
... Removed 28 stack frames]]>
    </failure>
  </testcase> <!-- verifySignInText -->
</testsuite> <!-- Test -->
